# JRE version: Java(TM) SE Runtime Environment (17.0.12+8) (build 17.0.12+8-LTS-286)
# Java VM: Java HotSpot(TM) 64-Bit Server VM (17.0.12+8-LTS-286, mixed mode, sharing, tiered, compressed oops, compressed class ptrs, g1 gc, windows-amd64)
GC Precious Log:
 CPUs: 4 total, 4 available
 Memory: 7932M
 Large Page Support: Disabled
 NUMA Support: Disabled
 Compressed Oops: Enabled (32-bit)
 Heap Region Size: 1M
 Heap Min Capacity: 8M
 Heap Initial Capacity: 124M
 Heap Max Capacity: 1984M
 Pre-touch: Disabled
 Parallel Workers: 4
 Concurrent Workers: 1
 Concurrent Refinement Workers: 4
 Periodic GC: Disabled
Heap:
 garbage-first heap   total 73728K, used 52428K [0x0000000084000000, 0x0000000100000000)
  region size 1024K, 15 young (15360K), 3 survivors (3072K)
 Metaspace       used 69122K, committed 69568K, reserved 1114112K
  class space    used 9126K, committed 9344K, reserved 1048576K
GC Heap History (20 events):
Event: 41.175 GC heap before
{Heap before GC invocations=21 (full 0):
 garbage-first heap   total 58368K, used 42804K [0x0000000084000000, 0x0000000100000000)
  region size 1024K, 13 young (13312K), 2 survivors (2048K)
 Metaspace       used 56697K, committed 57088K, reserved 1114112K
  class space    used 7560K, committed 7744K, reserved 1048576K
}
Event: 41.179 GC heap after
{Heap after GC invocations=22 (full 0):
 garbage-first heap   total 58368K, used 32327K [0x0000000084000000, 0x0000000100000000)
  region size 1024K, 2 young (2048K), 2 survivors (2048K)
 Metaspace       used 56697K, committed 57088K, reserved 1114112K
  class space    used 7560K, committed 7744K, reserved 1048576K
}
Event: 42.109 GC heap before
{Heap before GC invocations=22 (full 0):
 garbage-first heap   total 58368K, used 46663K [0x0000000084000000, 0x0000000100000000)
  region size 1024K, 16 young (16384K), 2 survivors (2048K)
 Metaspace       used 56971K, committed 57408K, reserved 1114112K
  class space    used 7581K, committed 7808K, reserved 1048576K
}
Event: 42.114 GC heap after
{Heap after GC invocations=23 (full 0):
 garbage-first heap   total 58368K, used 32921K [0x0000000084000000, 0x0000000100000000)
  region size 1024K, 2 young (2048K), 2 survivors (2048K)
 Metaspace       used 56971K, committed 57408K, reserved 1114112K
  class space    used 7581K, committed 7808K, reserved 1048576K
}
Event: 42.776 GC heap before
{Heap before GC invocations=24 (full 0):
 garbage-first heap   total 66560K, used 45209K [0x0000000084000000, 0x0000000100000000)
  region size 1024K, 14 young (14336K), 2 survivors (2048K)
 Metaspace       used 57718K, committed 58112K, reserved 1114112K
  class space    used 7679K, committed 7872K, reserved 1048576K
}
Event: 42.779 GC heap after
{Heap after GC invocations=25 (full 0):
 garbage-first heap   total 66560K, used 33319K [0x0000000084000000, 0x0000000100000000)
  region size 1024K, 2 young (2048K), 2 survivors (2048K)
 Metaspace       used 57718K, committed 58112K, reserved 1114112K
  class space    used 7679K, committed 7872K, reserved 1048576K
}
Event: 45.008 GC heap before
{Heap before GC invocations=25 (full 0):
 garbage-first heap   total 66560K, used 53799K [0x0000000084000000, 0x0000000100000000)
  region size 1024K, 22 young (22528K), 2 survivors (2048K)
 Metaspace       used 57987K, committed 58432K, reserved 1114112K
  class space    used 7694K, committed 7936K, reserved 1048576K
}
Event: 45.011 GC heap after
{Heap after GC invocations=26 (full 0):
 garbage-first heap   total 66560K, used 33934K [0x0000000084000000, 0x0000000100000000)
  region size 1024K, 2 young (2048K), 2 survivors (2048K)
 Metaspace       used 57987K, committed 58432K, reserved 1114112K
  class space    used 7694K, committed 7936K, reserved 1048576K
}
Event: 50.039 GC heap before
{Heap before GC invocations=27 (full 0):
 garbage-first heap   total 66560K, used 54414K [0x0000000084000000, 0x0000000100000000)
  region size 1024K, 22 young (22528K), 2 survivors (2048K)
 Metaspace       used 59593K, committed 59968K, reserved 1114112K
  class space    used 7883K, committed 8064K, reserved 1048576K
}
Event: 50.043 GC heap after
{Heap after GC invocations=28 (full 0):
 garbage-first heap   total 66560K, used 34704K [0x0000000084000000, 0x0000000100000000)
  region size 1024K, 2 young (2048K), 2 survivors (2048K)
 Metaspace       used 59593K, committed 59968K, reserved 1114112K
  class space    used 7883K, committed 8064K, reserved 1048576K
}
Event: 51.569 GC heap before
{Heap before GC invocations=28 (full 0):
 garbage-first heap   total 66560K, used 54160K [0x0000000084000000, 0x0000000100000000)
  region size 1024K, 21 young (21504K), 2 survivors (2048K)
 Metaspace       used 60103K, committed 60544K, reserved 1114112K
  class space    used 7929K, committed 8192K, reserved 1048576K
}
Event: 51.573 GC heap after
{Heap after GC invocations=29 (full 0):
 garbage-first heap   total 66560K, used 35592K [0x0000000084000000, 0x0000000100000000)
  region size 1024K, 3 young (3072K), 3 survivors (3072K)
 Metaspace       used 60103K, committed 60544K, reserved 1114112K
  class space    used 7929K, committed 8192K, reserved 1048576K
}
Event: 53.358 GC heap before
{Heap before GC invocations=30 (full 0):
 garbage-first heap   total 70656K, used 55048K [0x0000000084000000, 0x0000000100000000)
  region size 1024K, 22 young (22528K), 3 survivors (3072K)
 Metaspace       used 61946K, committed 62464K, reserved 1114112K
  class space    used 8198K, committed 8448K, reserved 1048576K
}
Event: 53.363 GC heap after
{Heap after GC invocations=31 (full 0):
 garbage-first heap   total 70656K, used 36933K [0x0000000084000000, 0x0000000100000000)
  region size 1024K, 3 young (3072K), 3 survivors (3072K)
 Metaspace       used 61946K, committed 62464K, reserved 1114112K
  class space    used 8198K, committed 8448K, reserved 1048576K
}
Event: 56.496 GC heap before
{Heap before GC invocations=31 (full 0):
 garbage-first heap   total 70656K, used 57413K [0x0000000084000000, 0x0000000100000000)
  region size 1024K, 23 young (23552K), 3 survivors (3072K)
 Metaspace       used 64249K, committed 64704K, reserved 1114112K
  class space    used 8506K, committed 8704K, reserved 1048576K
}
Event: 56.502 GC heap after
{Heap after GC invocations=32 (full 0):
 garbage-first heap   total 70656K, used 38980K [0x0000000084000000, 0x0000000100000000)
  region size 1024K, 3 young (3072K), 3 survivors (3072K)
 Metaspace       used 64249K, committed 64704K, reserved 1114112K
  class space    used 8506K, committed 8704K, reserved 1048576K
}
Event: 67.736 GC heap before
{Heap before GC invocations=33 (full 0):
 garbage-first heap   total 70656K, used 57412K [0x0000000084000000, 0x0000000100000000)
  region size 1024K, 21 young (21504K), 3 survivors (3072K)
 Metaspace       used 65682K, committed 66048K, reserved 1114112K
  class space    used 8718K, committed 8896K, reserved 1048576K
}
Event: 67.742 GC heap after
{Heap after GC invocations=34 (full 0):
 garbage-first heap   total 70656K, used 40598K [0x0000000084000000, 0x0000000100000000)
  region size 1024K, 2 young (2048K), 2 survivors (2048K)
 Metaspace       used 65682K, committed 66048K, reserved 1114112K
  class space    used 8718K, committed 8896K, reserved 1048576K
}
Event: 85.537 GC heap before
{Heap before GC invocations=34 (full 0):
 garbage-first heap   total 70656K, used 56982K [0x0000000084000000, 0x0000000100000000)
  region size 1024K, 19 young (19456K), 2 survivors (2048K)
 Metaspace       used 67915K, committed 68352K, reserved 1114112K
  class space    used 8991K, committed 9216K, reserved 1048576K
}
Event: 85.541 GC heap after
{Heap after GC invocations=35 (full 0):
 garbage-first heap   total 70656K, used 41164K [0x0000000084000000, 0x0000000100000000)
  region size 1024K, 3 young (3072K), 3 survivors (3072K)
 Metaspace       used 67915K, committed 68352K, reserved 1114112K
  class space    used 8991K, committed 9216K, reserved 1048576K
}

