# JRE version: Java(TM) SE Runtime Environment (17.0.12+8) (build 17.0.12+8-LTS-286)
# Java VM: Java HotSpot(TM) 64-Bit Server VM (17.0.12+8-LTS-286, mixed mode, sharing, tiered, compressed oops, compressed class ptrs, g1 gc, windows-amd64)
GC Precious Log:
 CPUs: 8 total, 8 available
 Memory: 16118M
 Large Page Support: Disabled
 NUMA Support: Disabled
 Compressed Oops: Enabled (Zero based)
 Heap Region Size: 2M
 Heap Min Capacity: 8M
 Heap Initial Capacity: 252M
 Heap Max Capacity: 4030M
 Pre-touch: Disabled
 Parallel Workers: 8
 Concurrent Workers: 2
 Concurrent Refinement Workers: 8
 Periodic GC: Disabled
Heap:
 garbage-first heap   total 143360K, used 110042K [0x0000000704200000, 0x0000000800000000)
  region size 2048K, 32 young (65536K), 2 survivors (4096K)
 Metaspace       used 90119K, committed 90816K, reserved 1179648K
  class space    used 10592K, committed 10944K, reserved 1048576K
GC Heap History (20 events):
Event: 165.394 GC heap before
{Heap before GC invocations=106 (full 5):
 garbage-first heap   total 143360K, used 116186K [0x0000000704200000, 0x0000000800000000)
  region size 2048K, 34 young (69632K), 2 survivors (4096K)
 Metaspace       used 89654K, committed 90304K, reserved 1179648K
  class space    used 10562K, committed 10880K, reserved 1048576K
}
Event: 165.396 GC heap after
{Heap after GC invocations=107 (full 5):
 garbage-first heap   total 143360K, used 50566K [0x0000000704200000, 0x0000000800000000)
  region size 2048K, 2 young (4096K), 2 survivors (4096K)
 Metaspace       used 89654K, committed 90304K, reserved 1179648K
  class space    used 10562K, committed 10880K, reserved 1048576K
}
Event: 166.576 GC heap before
{Heap before GC invocations=107 (full 5):
 garbage-first heap   total 143360K, used 118150K [0x0000000704200000, 0x0000000800000000)
  region size 2048K, 35 young (71680K), 2 survivors (4096K)
 Metaspace       used 89654K, committed 90304K, reserved 1179648K
  class space    used 10562K, committed 10880K, reserved 1048576K
}
Event: 166.578 GC heap after
{Heap after GC invocations=108 (full 5):
 garbage-first heap   total 143360K, used 50562K [0x0000000704200000, 0x0000000800000000)
  region size 2048K, 2 young (4096K), 2 survivors (4096K)
 Metaspace       used 89654K, committed 90304K, reserved 1179648K
  class space    used 10562K, committed 10880K, reserved 1048576K
}
Event: 168.070 GC heap before
{Heap before GC invocations=108 (full 5):
 garbage-first heap   total 143360K, used 118146K [0x0000000704200000, 0x0000000800000000)
  region size 2048K, 35 young (71680K), 2 survivors (4096K)
 Metaspace       used 89654K, committed 90304K, reserved 1179648K
  class space    used 10562K, committed 10880K, reserved 1048576K
}
Event: 168.074 GC heap after
{Heap after GC invocations=109 (full 5):
 garbage-first heap   total 143360K, used 50739K [0x0000000704200000, 0x0000000800000000)
  region size 2048K, 3 young (6144K), 3 survivors (6144K)
 Metaspace       used 89654K, committed 90304K, reserved 1179648K
  class space    used 10562K, committed 10880K, reserved 1048576K
}
Event: 170.403 GC heap before
{Heap before GC invocations=109 (full 5):
 garbage-first heap   total 143360K, used 114227K [0x0000000704200000, 0x0000000800000000)
  region size 2048K, 34 young (69632K), 3 survivors (6144K)
 Metaspace       used 89656K, committed 90304K, reserved 1179648K
  class space    used 10562K, committed 10880K, reserved 1048576K
}
Event: 170.406 GC heap after
{Heap after GC invocations=110 (full 5):
 garbage-first heap   total 143360K, used 50627K [0x0000000704200000, 0x0000000800000000)
  region size 2048K, 2 young (4096K), 2 survivors (4096K)
 Metaspace       used 89656K, committed 90304K, reserved 1179648K
  class space    used 10562K, committed 10880K, reserved 1048576K
}
Event: 172.117 GC heap before
{Heap before GC invocations=110 (full 5):
 garbage-first heap   total 143360K, used 118211K [0x0000000704200000, 0x0000000800000000)
  region size 2048K, 35 young (71680K), 2 survivors (4096K)
 Metaspace       used 89656K, committed 90304K, reserved 1179648K
  class space    used 10562K, committed 10880K, reserved 1048576K
}
Event: 172.121 GC heap after
{Heap after GC invocations=111 (full 5):
 garbage-first heap   total 143360K, used 50381K [0x0000000704200000, 0x0000000800000000)
  region size 2048K, 2 young (4096K), 2 survivors (4096K)
 Metaspace       used 89656K, committed 90304K, reserved 1179648K
  class space    used 10562K, committed 10880K, reserved 1048576K
}
Event: 173.890 GC heap before
{Heap before GC invocations=111 (full 5):
 garbage-first heap   total 143360K, used 117965K [0x0000000704200000, 0x0000000800000000)
  region size 2048K, 35 young (71680K), 2 survivors (4096K)
 Metaspace       used 89657K, committed 90304K, reserved 1179648K
  class space    used 10562K, committed 10880K, reserved 1048576K
}
Event: 173.893 GC heap after
{Heap after GC invocations=112 (full 5):
 garbage-first heap   total 143360K, used 50491K [0x0000000704200000, 0x0000000800000000)
  region size 2048K, 2 young (4096K), 2 survivors (4096K)
 Metaspace       used 89657K, committed 90304K, reserved 1179648K
  class space    used 10562K, committed 10880K, reserved 1048576K
}
Event: 175.092 GC heap before
{Heap before GC invocations=112 (full 5):
 garbage-first heap   total 143360K, used 118075K [0x0000000704200000, 0x0000000800000000)
  region size 2048K, 35 young (71680K), 2 survivors (4096K)
 Metaspace       used 89660K, committed 90304K, reserved 1179648K
  class space    used 10562K, committed 10880K, reserved 1048576K
}
Event: 175.095 GC heap after
{Heap after GC invocations=113 (full 5):
 garbage-first heap   total 143360K, used 50488K [0x0000000704200000, 0x0000000800000000)
  region size 2048K, 2 young (4096K), 2 survivors (4096K)
 Metaspace       used 89660K, committed 90304K, reserved 1179648K
  class space    used 10562K, committed 10880K, reserved 1048576K
}
Event: 176.330 GC heap before
{Heap before GC invocations=113 (full 5):
 garbage-first heap   total 143360K, used 118072K [0x0000000704200000, 0x0000000800000000)
  region size 2048K, 35 young (71680K), 2 survivors (4096K)
 Metaspace       used 89662K, committed 90304K, reserved 1179648K
  class space    used 10562K, committed 10880K, reserved 1048576K
}
Event: 176.333 GC heap after
{Heap after GC invocations=114 (full 5):
 garbage-first heap   total 143360K, used 50589K [0x0000000704200000, 0x0000000800000000)
  region size 2048K, 2 young (4096K), 2 survivors (4096K)
 Metaspace       used 89662K, committed 90304K, reserved 1179648K
  class space    used 10562K, committed 10880K, reserved 1048576K
}
Event: 177.626 GC heap before
{Heap before GC invocations=114 (full 5):
 garbage-first heap   total 143360K, used 118173K [0x0000000704200000, 0x0000000800000000)
  region size 2048K, 35 young (71680K), 2 survivors (4096K)
 Metaspace       used 89662K, committed 90304K, reserved 1179648K
  class space    used 10562K, committed 10880K, reserved 1048576K
}
Event: 177.629 GC heap after
{Heap after GC invocations=115 (full 5):
 garbage-first heap   total 143360K, used 50650K [0x0000000704200000, 0x0000000800000000)
  region size 2048K, 2 young (4096K), 2 survivors (4096K)
 Metaspace       used 89662K, committed 90304K, reserved 1179648K
  class space    used 10562K, committed 10880K, reserved 1048576K
}
Event: 179.041 GC heap before
{Heap before GC invocations=115 (full 5):
 garbage-first heap   total 143360K, used 118234K [0x0000000704200000, 0x0000000800000000)
  region size 2048K, 35 young (71680K), 2 survivors (4096K)
 Metaspace       used 89664K, committed 90304K, reserved 1179648K
  class space    used 10562K, committed 10880K, reserved 1048576K
}
Event: 179.045 GC heap after
{Heap after GC invocations=116 (full 5):
 garbage-first heap   total 143360K, used 50650K [0x0000000704200000, 0x0000000800000000)
  region size 2048K, 2 young (4096K), 2 survivors (4096K)
 Metaspace       used 89664K, committed 90304K, reserved 1179648K
  class space    used 10562K, committed 10880K, reserved 1048576K
}

