# JRE version: Java(TM) SE Runtime Environment (17.0.12+8) (build 17.0.12+8-LTS-286)
# Java VM: Java HotSpot(TM) 64-Bit Server VM (17.0.12+8-LTS-286, mixed mode, sharing, tiered, compressed oops, compressed class ptrs, g1 gc, windows-amd64)
GC Precious Log:
 CPUs: 8 total, 8 available
 Memory: 16118M
 Large Page Support: Disabled
 NUMA Support: Disabled
 Compressed Oops: Enabled (Zero based)
 Heap Region Size: 2M
 Heap Min Capacity: 8M
 Heap Initial Capacity: 252M
 Heap Max Capacity: 4030M
 Pre-touch: Disabled
 Parallel Workers: 8
 Concurrent Workers: 2
 Concurrent Refinement Workers: 8
 Periodic GC: Disabled
Heap:
 garbage-first heap   total 137216K, used 57252K [0x0000000704200000, 0x0000000800000000)
  region size 2048K, 11 young (22528K), 3 survivors (6144K)
 Metaspace       used 89286K, committed 89920K, reserved 1179648K
  class space    used 10572K, committed 10880K, reserved 1048576K
GC Heap History (20 events):
Event: 221.094 GC heap before
{Heap before GC invocations=256 (full 2):
 garbage-first heap   total 137216K, used 75648K [0x0000000704200000, 0x0000000800000000)
  region size 2048K, 15 young (30720K), 1 survivors (2048K)
 Metaspace       used 84078K, committed 84672K, reserved 1179648K
  class space    used 10210K, committed 10496K, reserved 1048576K
}
Event: 221.199 GC heap after
{Heap after GC invocations=257 (full 3):
 garbage-first heap   total 137216K, used 39084K [0x0000000704200000, 0x0000000800000000)
  region size 2048K, 0 young (0K), 0 survivors (0K)
 Metaspace       used 84075K, committed 84672K, reserved 1179648K
  class space    used 10209K, committed 10496K, reserved 1048576K
}
Event: 223.309 GC heap before
{Heap before GC invocations=257 (full 3):
 garbage-first heap   total 137216K, used 116908K [0x0000000704200000, 0x0000000800000000)
  region size 2048K, 38 young (77824K), 0 survivors (0K)
 Metaspace       used 85184K, committed 85760K, reserved 1179648K
  class space    used 10302K, committed 10560K, reserved 1048576K
}
Event: 223.315 GC heap after
{Heap after GC invocations=258 (full 3):
 garbage-first heap   total 137216K, used 44764K [0x0000000704200000, 0x0000000800000000)
  region size 2048K, 3 young (6144K), 3 survivors (6144K)
 Metaspace       used 85184K, committed 85760K, reserved 1179648K
  class space    used 10302K, committed 10560K, reserved 1048576K
}
Event: 224.842 GC heap before
{Heap before GC invocations=258 (full 3):
 garbage-first heap   total 137216K, used 112348K [0x0000000704200000, 0x0000000800000000)
  region size 2048K, 36 young (73728K), 3 survivors (6144K)
 Metaspace       used 85782K, committed 86400K, reserved 1179648K
  class space    used 10327K, committed 10624K, reserved 1048576K
}
Event: 224.851 GC heap after
{Heap after GC invocations=259 (full 3):
 garbage-first heap   total 137216K, used 47913K [0x0000000704200000, 0x0000000800000000)
  region size 2048K, 2 young (4096K), 2 survivors (4096K)
 Metaspace       used 85782K, committed 86400K, reserved 1179648K
  class space    used 10327K, committed 10624K, reserved 1048576K
}
Event: 225.608 GC heap before
{Heap before GC invocations=259 (full 3):
 garbage-first heap   total 137216K, used 109353K [0x0000000704200000, 0x0000000800000000)
  region size 2048K, 32 young (65536K), 2 survivors (4096K)
 Metaspace       used 86189K, committed 86784K, reserved 1179648K
  class space    used 10347K, committed 10624K, reserved 1048576K
}
Event: 225.615 GC heap after
{Heap after GC invocations=260 (full 3):
 garbage-first heap   total 137216K, used 51199K [0x0000000704200000, 0x0000000800000000)
  region size 2048K, 4 young (8192K), 4 survivors (8192K)
 Metaspace       used 86189K, committed 86784K, reserved 1179648K
  class space    used 10347K, committed 10624K, reserved 1048576K
}
Event: 227.155 GC heap before
{Heap before GC invocations=260 (full 3):
 garbage-first heap   total 137216K, used 57343K [0x0000000704200000, 0x0000000800000000)
  region size 2048K, 8 young (16384K), 4 survivors (8192K)
 Metaspace       used 86222K, committed 86784K, reserved 1179648K
  class space    used 10348K, committed 10624K, reserved 1048576K
}
Event: 227.239 GC heap after
{Heap after GC invocations=261 (full 4):
 garbage-first heap   total 137216K, used 35631K [0x0000000704200000, 0x0000000800000000)
  region size 2048K, 0 young (0K), 0 survivors (0K)
 Metaspace       used 86220K, committed 86784K, reserved 1179648K
  class space    used 10347K, committed 10624K, reserved 1048576K
}
Event: 228.270 GC heap before
{Heap before GC invocations=261 (full 4):
 garbage-first heap   total 137216K, used 105263K [0x0000000704200000, 0x0000000800000000)
  region size 2048K, 34 young (69632K), 0 survivors (0K)
 Metaspace       used 87096K, committed 87680K, reserved 1179648K
  class space    used 10425K, committed 10688K, reserved 1048576K
}
Event: 228.275 GC heap after
{Heap after GC invocations=262 (full 4):
 garbage-first heap   total 137216K, used 41675K [0x0000000704200000, 0x0000000800000000)
  region size 2048K, 3 young (6144K), 3 survivors (6144K)
 Metaspace       used 87096K, committed 87680K, reserved 1179648K
  class space    used 10425K, committed 10688K, reserved 1048576K
}
Event: 228.896 GC heap before
{Heap before GC invocations=262 (full 4):
 garbage-first heap   total 137216K, used 105163K [0x0000000704200000, 0x0000000800000000)
  region size 2048K, 34 young (69632K), 3 survivors (6144K)
 Metaspace       used 87612K, committed 88256K, reserved 1179648K
  class space    used 10450K, committed 10752K, reserved 1048576K
}
Event: 228.903 GC heap after
{Heap after GC invocations=263 (full 4):
 garbage-first heap   total 137216K, used 44293K [0x0000000704200000, 0x0000000800000000)
  region size 2048K, 2 young (4096K), 2 survivors (4096K)
 Metaspace       used 87612K, committed 88256K, reserved 1179648K
  class space    used 10450K, committed 10752K, reserved 1048576K
}
Event: 229.534 GC heap before
{Heap before GC invocations=263 (full 4):
 garbage-first heap   total 137216K, used 105733K [0x0000000704200000, 0x0000000800000000)
  region size 2048K, 32 young (65536K), 2 survivors (4096K)
 Metaspace       used 88124K, committed 88704K, reserved 1179648K
  class space    used 10475K, committed 10752K, reserved 1048576K
}
Event: 229.539 GC heap after
{Heap after GC invocations=264 (full 4):
 garbage-first heap   total 137216K, used 46693K [0x0000000704200000, 0x0000000800000000)
  region size 2048K, 3 young (6144K), 3 survivors (6144K)
 Metaspace       used 88124K, committed 88704K, reserved 1179648K
  class space    used 10475K, committed 10752K, reserved 1048576K
}
Event: 256.111 GC heap before
{Heap before GC invocations=264 (full 4):
 garbage-first heap   total 137216K, used 83557K [0x0000000704200000, 0x0000000800000000)
  region size 2048K, 22 young (45056K), 3 survivors (6144K)
 Metaspace       used 88150K, committed 88704K, reserved 1179648K
  class space    used 10476K, committed 10752K, reserved 1048576K
}
Event: 256.192 GC heap after
{Heap after GC invocations=265 (full 5):
 garbage-first heap   total 137216K, used 37026K [0x0000000704200000, 0x0000000800000000)
  region size 2048K, 0 young (0K), 0 survivors (0K)
 Metaspace       used 88148K, committed 88704K, reserved 1179648K
  class space    used 10475K, committed 10752K, reserved 1048576K
}
Event: 257.177 GC heap before
{Heap before GC invocations=265 (full 5):
 garbage-first heap   total 137216K, used 106658K [0x0000000704200000, 0x0000000800000000)
  region size 2048K, 34 young (69632K), 0 survivors (0K)
 Metaspace       used 89082K, committed 89792K, reserved 1179648K
  class space    used 10559K, committed 10880K, reserved 1048576K
}
Event: 257.182 GC heap after
{Heap after GC invocations=266 (full 5):
 garbage-first heap   total 137216K, used 42916K [0x0000000704200000, 0x0000000800000000)
  region size 2048K, 3 young (6144K), 3 survivors (6144K)
 Metaspace       used 89082K, committed 89792K, reserved 1179648K
  class space    used 10559K, committed 10880K, reserved 1048576K
}

