# JRE version: Java(TM) SE Runtime Environment (17.0.12+8) (build 17.0.12+8-LTS-286)
# Java VM: Java HotSpot(TM) 64-Bit Server VM (17.0.12+8-LTS-286, mixed mode, sharing, tiered, compressed oops, compressed class ptrs, g1 gc, windows-amd64)
GC Precious Log:
 CPUs: 8 total, 8 available
 Memory: 16118M
 Large Page Support: Disabled
 NUMA Support: Disabled
 Compressed Oops: Enabled (Zero based)
 Heap Region Size: 2M
 Heap Min Capacity: 8M
 Heap Initial Capacity: 252M
 Heap Max Capacity: 4030M
 Pre-touch: Disabled
 Parallel Workers: 8
 Concurrent Workers: 2
 Concurrent Refinement Workers: 8
 Periodic GC: Disabled
Heap:
 garbage-first heap   total 182272K, used 125670K [0x0000000704200000, 0x0000000800000000)
  region size 2048K, 40 young (81920K), 2 survivors (4096K)
 Metaspace       used 82168K, committed 82688K, reserved 1179648K
  class space    used 10062K, committed 10304K, reserved 1048576K
GC Heap History (20 events):
Event: 570.917 GC heap before
{Heap before GC invocations=564 (full 1):
 garbage-first heap   total 98304K, used 74009K [0x0000000704200000, 0x0000000800000000)
  region size 2048K, 16 young (32768K), 2 survivors (4096K)
 Metaspace       used 81634K, committed 82112K, reserved 1179648K
  class space    used 10033K, committed 10304K, reserved 1048576K
}
Event: 570.922 GC heap after
{Heap after GC invocations=565 (full 1):
 garbage-first heap   total 98304K, used 46275K [0x0000000704200000, 0x0000000800000000)
  region size 2048K, 2 young (4096K), 2 survivors (4096K)
 Metaspace       used 81634K, committed 82112K, reserved 1179648K
  class space    used 10033K, committed 10304K, reserved 1048576K
}
Event: 571.256 GC heap before
{Heap before GC invocations=565 (full 1):
 garbage-first heap   total 98304K, used 74947K [0x0000000704200000, 0x0000000800000000)
  region size 2048K, 16 young (32768K), 2 survivors (4096K)
 Metaspace       used 81877K, committed 82432K, reserved 1179648K
  class space    used 10045K, committed 10304K, reserved 1048576K
}
Event: 571.261 GC heap after
{Heap after GC invocations=566 (full 1):
 garbage-first heap   total 98304K, used 47930K [0x0000000704200000, 0x0000000800000000)
  region size 2048K, 2 young (4096K), 2 survivors (4096K)
 Metaspace       used 81877K, committed 82432K, reserved 1179648K
  class space    used 10045K, committed 10304K, reserved 1048576K
}
Event: 572.338 GC heap before
{Heap before GC invocations=566 (full 1):
 garbage-first heap   total 98304K, used 74554K [0x0000000704200000, 0x0000000800000000)
  region size 2048K, 15 young (30720K), 2 survivors (4096K)
 Metaspace       used 82151K, committed 82688K, reserved 1179648K
  class space    used 10062K, committed 10304K, reserved 1048576K
}
Event: 572.345 GC heap after
{Heap after GC invocations=567 (full 1):
 garbage-first heap   total 182272K, used 49494K [0x0000000704200000, 0x0000000800000000)
  region size 2048K, 2 young (4096K), 2 survivors (4096K)
 Metaspace       used 82151K, committed 82688K, reserved 1179648K
  class space    used 10062K, committed 10304K, reserved 1048576K
}
Event: 577.672 GC heap before
{Heap before GC invocations=567 (full 1):
 garbage-first heap   total 182272K, used 139606K [0x0000000704200000, 0x0000000800000000)
  region size 2048K, 46 young (94208K), 2 survivors (4096K)
 Metaspace       used 82160K, committed 82688K, reserved 1179648K
  class space    used 10062K, committed 10304K, reserved 1048576K
}
Event: 577.676 GC heap after
{Heap after GC invocations=568 (full 1):
 garbage-first heap   total 182272K, used 49647K [0x0000000704200000, 0x0000000800000000)
  region size 2048K, 2 young (4096K), 2 survivors (4096K)
 Metaspace       used 82160K, committed 82688K, reserved 1179648K
  class space    used 10062K, committed 10304K, reserved 1048576K
}
Event: 581.710 GC heap before
{Heap before GC invocations=568 (full 1):
 garbage-first heap   total 182272K, used 147951K [0x0000000704200000, 0x0000000800000000)
  region size 2048K, 50 young (102400K), 2 survivors (4096K)
 Metaspace       used 82161K, committed 82688K, reserved 1179648K
  class space    used 10062K, committed 10304K, reserved 1048576K
}
Event: 581.714 GC heap after
{Heap after GC invocations=569 (full 1):
 garbage-first heap   total 182272K, used 50028K [0x0000000704200000, 0x0000000800000000)
  region size 2048K, 2 young (4096K), 2 survivors (4096K)
 Metaspace       used 82161K, committed 82688K, reserved 1179648K
  class space    used 10062K, committed 10304K, reserved 1048576K
}
Event: 586.472 GC heap before
{Heap before GC invocations=569 (full 1):
 garbage-first heap   total 182272K, used 150380K [0x0000000704200000, 0x0000000800000000)
  region size 2048K, 51 young (104448K), 2 survivors (4096K)
 Metaspace       used 82161K, committed 82688K, reserved 1179648K
  class space    used 10062K, committed 10304K, reserved 1048576K
}
Event: 586.475 GC heap after
{Heap after GC invocations=570 (full 1):
 garbage-first heap   total 182272K, used 49600K [0x0000000704200000, 0x0000000800000000)
  region size 2048K, 2 young (4096K), 2 survivors (4096K)
 Metaspace       used 82161K, committed 82688K, reserved 1179648K
  class space    used 10062K, committed 10304K, reserved 1048576K
}
Event: 590.691 GC heap before
{Heap before GC invocations=570 (full 1):
 garbage-first heap   total 182272K, used 149952K [0x0000000704200000, 0x0000000800000000)
  region size 2048K, 51 young (104448K), 2 survivors (4096K)
 Metaspace       used 82161K, committed 82688K, reserved 1179648K
  class space    used 10062K, committed 10304K, reserved 1048576K
}
Event: 590.694 GC heap after
{Heap after GC invocations=571 (full 1):
 garbage-first heap   total 182272K, used 49724K [0x0000000704200000, 0x0000000800000000)
  region size 2048K, 2 young (4096K), 2 survivors (4096K)
 Metaspace       used 82161K, committed 82688K, reserved 1179648K
  class space    used 10062K, committed 10304K, reserved 1048576K
}
Event: 594.503 GC heap before
{Heap before GC invocations=571 (full 1):
 garbage-first heap   total 182272K, used 152124K [0x0000000704200000, 0x0000000800000000)
  region size 2048K, 52 young (106496K), 2 survivors (4096K)
 Metaspace       used 82161K, committed 82688K, reserved 1179648K
  class space    used 10062K, committed 10304K, reserved 1048576K
}
Event: 594.506 GC heap after
{Heap after GC invocations=572 (full 1):
 garbage-first heap   total 182272K, used 49810K [0x0000000704200000, 0x0000000800000000)
  region size 2048K, 2 young (4096K), 2 survivors (4096K)
 Metaspace       used 82161K, committed 82688K, reserved 1179648K
  class space    used 10062K, committed 10304K, reserved 1048576K
}
Event: 598.902 GC heap before
{Heap before GC invocations=572 (full 1):
 garbage-first heap   total 182272K, used 152210K [0x0000000704200000, 0x0000000800000000)
  region size 2048K, 52 young (106496K), 2 survivors (4096K)
 Metaspace       used 82161K, committed 82688K, reserved 1179648K
  class space    used 10062K, committed 10304K, reserved 1048576K
}
Event: 598.905 GC heap after
{Heap after GC invocations=573 (full 1):
 garbage-first heap   total 182272K, used 49724K [0x0000000704200000, 0x0000000800000000)
  region size 2048K, 2 young (4096K), 2 survivors (4096K)
 Metaspace       used 82161K, committed 82688K, reserved 1179648K
  class space    used 10062K, committed 10304K, reserved 1048576K
}
Event: 603.006 GC heap before
{Heap before GC invocations=573 (full 1):
 garbage-first heap   total 182272K, used 152124K [0x0000000704200000, 0x0000000800000000)
  region size 2048K, 52 young (106496K), 2 survivors (4096K)
 Metaspace       used 82161K, committed 82688K, reserved 1179648K
  class space    used 10062K, committed 10304K, reserved 1048576K
}
Event: 603.009 GC heap after
{Heap after GC invocations=574 (full 1):
 garbage-first heap   total 182272K, used 49894K [0x0000000704200000, 0x0000000800000000)
  region size 2048K, 2 young (4096K), 2 survivors (4096K)
 Metaspace       used 82161K, committed 82688K, reserved 1179648K
  class space    used 10062K, committed 10304K, reserved 1048576K
}

